{"/home/jotasantos/Escritorio/testing-Jest/fizzBuzz.js": {"path":"/home/jotasantos/Escritorio/testing-Jest/fizzBuzz.js","all":false,"statementMap":{"0":{"start":{"line":1,"column":0},"end":{"line":1,"column":0}},"1":{"start":{"line":2,"column":0},"end":{"line":2,"column":24}},"2":{"start":{"line":3,"column":0},"end":{"line":3,"column":0}},"3":{"start":{"line":4,"column":0},"end":{"line":4,"column":100}},"4":{"start":{"line":5,"column":0},"end":{"line":5,"column":4}},"5":{"start":{"line":6,"column":0},"end":{"line":6,"column":157}},"6":{"start":{"line":7,"column":0},"end":{"line":7,"column":51}},"7":{"start":{"line":8,"column":0},"end":{"line":8,"column":94}},"8":{"start":{"line":9,"column":0},"end":{"line":9,"column":17}},"9":{"start":{"line":10,"column":0},"end":{"line":10,"column":131}},"10":{"start":{"line":11,"column":0},"end":{"line":11,"column":26}},"11":{"start":{"line":12,"column":0},"end":{"line":12,"column":32}},"12":{"start":{"line":13,"column":0},"end":{"line":13,"column":21}},"13":{"start":{"line":14,"column":0},"end":{"line":14,"column":32}},"14":{"start":{"line":15,"column":0},"end":{"line":15,"column":21}},"15":{"start":{"line":16,"column":0},"end":{"line":16,"column":5}},"16":{"start":{"line":17,"column":0},"end":{"line":17,"column":0}},"17":{"start":{"line":18,"column":0},"end":{"line":18,"column":15}},"18":{"start":{"line":19,"column":0},"end":{"line":19,"column":1}},"19":{"start":{"line":20,"column":0},"end":{"line":20,"column":0}},"20":{"start":{"line":21,"column":0},"end":{"line":21,"column":108}},"21":{"start":{"line":22,"column":0},"end":{"line":22,"column":35}},"22":{"start":{"line":23,"column":0},"end":{"line":23,"column":43}},"23":{"start":{"line":24,"column":0},"end":{"line":24,"column":5}},"24":{"start":{"line":25,"column":0},"end":{"line":25,"column":1}},"25":{"start":{"line":26,"column":0},"end":{"line":26,"column":10}},"26":{"start":{"line":27,"column":0},"end":{"line":27,"column":0}},"27":{"start":{"line":28,"column":0},"end":{"line":28,"column":0}},"28":{"start":{"line":29,"column":0},"end":{"line":29,"column":0}},"29":{"start":{"line":30,"column":0},"end":{"line":30,"column":26}}},"s":{"0":1,"1":21,"2":21,"3":21,"4":21,"5":21,"6":1,"7":21,"8":2,"9":20,"10":2,"11":18,"12":5,"13":16,"14":3,"15":3,"16":8,"17":8,"18":8,"19":1,"20":1,"21":1,"22":16,"23":16,"24":1,"25":1,"26":1,"27":1,"28":1,"29":1},"branchMap":{"0":{"type":"branch","line":2,"loc":{"start":{"line":2,"column":0},"end":{"line":19,"column":1}},"locations":[{"start":{"line":2,"column":0},"end":{"line":19,"column":1}}]},"1":{"type":"branch","line":6,"loc":{"start":{"line":6,"column":33},"end":{"line":8,"column":11}},"locations":[{"start":{"line":6,"column":33},"end":{"line":8,"column":11}}]},"2":{"type":"branch","line":8,"loc":{"start":{"line":8,"column":5},"end":{"line":16,"column":5}},"locations":[{"start":{"line":8,"column":5},"end":{"line":16,"column":5}}]},"3":{"type":"branch","line":8,"loc":{"start":{"line":8,"column":26},"end":{"line":10,"column":11}},"locations":[{"start":{"line":8,"column":26},"end":{"line":10,"column":11}}]},"4":{"type":"branch","line":10,"loc":{"start":{"line":10,"column":5},"end":{"line":16,"column":5}},"locations":[{"start":{"line":10,"column":5},"end":{"line":16,"column":5}}]},"5":{"type":"branch","line":10,"loc":{"start":{"line":10,"column":15},"end":{"line":10,"column":40}},"locations":[{"start":{"line":10,"column":15},"end":{"line":10,"column":40}}]},"6":{"type":"branch","line":10,"loc":{"start":{"line":10,"column":49},"end":{"line":12,"column":11}},"locations":[{"start":{"line":10,"column":49},"end":{"line":12,"column":11}}]},"7":{"type":"branch","line":12,"loc":{"start":{"line":12,"column":5},"end":{"line":16,"column":5}},"locations":[{"start":{"line":12,"column":5},"end":{"line":16,"column":5}}]},"8":{"type":"branch","line":12,"loc":{"start":{"line":12,"column":31},"end":{"line":14,"column":11}},"locations":[{"start":{"line":12,"column":31},"end":{"line":14,"column":11}}]},"9":{"type":"branch","line":14,"loc":{"start":{"line":14,"column":5},"end":{"line":16,"column":5}},"locations":[{"start":{"line":14,"column":5},"end":{"line":16,"column":5}}]},"10":{"type":"branch","line":14,"loc":{"start":{"line":14,"column":31},"end":{"line":16,"column":5}},"locations":[{"start":{"line":14,"column":31},"end":{"line":16,"column":5}}]},"11":{"type":"branch","line":17,"loc":{"start":{"line":17,"column":-1},"end":{"line":19,"column":1}},"locations":[{"start":{"line":17,"column":-1},"end":{"line":19,"column":1}}]},"12":{"type":"branch","line":4,"loc":{"start":{"line":4,"column":19},"end":{"line":4,"column":58}},"locations":[{"start":{"line":4,"column":19},"end":{"line":4,"column":58}}]},"13":{"type":"branch","line":21,"loc":{"start":{"line":21,"column":0},"end":{"line":25,"column":1}},"locations":[{"start":{"line":21,"column":0},"end":{"line":25,"column":1}}]},"14":{"type":"branch","line":22,"loc":{"start":{"line":22,"column":34},"end":{"line":24,"column":5}},"locations":[{"start":{"line":22,"column":34},"end":{"line":24,"column":5}}]}},"b":{"0":[21],"1":[1],"2":[20],"3":[2],"4":[18],"5":[7],"6":[2],"7":[16],"8":[5],"9":[11],"10":[3],"11":[8],"12":[52],"13":[1],"14":[16]},"fnMap":{"0":{"name":"fizzBuzz","decl":{"start":{"line":2,"column":0},"end":{"line":19,"column":1}},"loc":{"start":{"line":2,"column":0},"end":{"line":19,"column":1}},"line":2},"1":{"name":"divide","decl":{"start":{"line":4,"column":19},"end":{"line":4,"column":58}},"loc":{"start":{"line":4,"column":19},"end":{"line":4,"column":58}},"line":4},"2":{"name":"print","decl":{"start":{"line":21,"column":0},"end":{"line":25,"column":1}},"loc":{"start":{"line":21,"column":0},"end":{"line":25,"column":1}},"line":21}},"f":{"0":21,"1":52,"2":1}}
}
