TN:
SF:fizzBuzz.js
FN:2,fizzBuzz
FN:4,divide
FN:21,print
FNF:3
FNH:3
FNDA:21,fizzBuzz
FNDA:52,divide
FNDA:1,print
DA:1,1
DA:2,21
DA:3,21
DA:4,21
DA:5,21
DA:6,21
DA:7,1
DA:8,21
DA:9,2
DA:10,20
DA:11,2
DA:12,18
DA:13,5
DA:14,16
DA:15,3
DA:16,3
DA:17,8
DA:18,8
DA:19,8
DA:20,1
DA:21,1
DA:22,1
DA:23,16
DA:24,16
DA:25,1
DA:26,1
DA:27,1
DA:28,1
DA:29,1
DA:30,1
LF:30
LH:30
BRDA:2,0,0,21
BRDA:6,1,0,1
BRDA:8,2,0,20
BRDA:8,3,0,2
BRDA:10,4,0,18
BRDA:10,5,0,7
BRDA:10,6,0,2
BRDA:12,7,0,16
BRDA:12,8,0,5
BRDA:14,9,0,11
BRDA:14,10,0,3
BRDA:17,11,0,8
BRDA:4,12,0,52
BRDA:21,13,0,1
BRDA:22,14,0,16
BRF:15
BRH:15
end_of_record
